<?xml version="1.0" encoding="UTF-8"?>
<testsuite xmlns:xsi="http://www.w3.org/2001/XMLSchema-instance" xsi:noNamespaceSchemaLocation="https://maven.apache.org/surefire/maven-surefire-plugin/xsd/surefire-test-report-3.0.xsd" version="3.0" name="group10.algorithms.WarehouseAllocatorTest" time="1.059" tests="6" errors="0" skipped="0" failures="0">
  <properties>
[...]
</properties>
  <testcase name="testZeroCapacityConstraint" classname="group10.algorithms.WarehouseAllocatorTest" time="1.01">
    <system-out><![CDATA[Objective: 814.8587180764772
Request 1 AMBIENT -> PS PAC I_AMBIENT_100
Request 2 COLD -> PS PAC II_COLD_100
Request 3 FREEZE -> NEFF_FREEZE_100
--- Full Allocations ---
Result [warehouse=PS PAC I, temperature=AMBIENT, amountStored=100, requestID=1]
Result [warehouse=PS PAC II, temperature=COLD, amountStored=100, requestID=2]
Result [warehouse=NEFF, temperature=FREEZE, amountStored=100, requestID=3]


]]></system-out>
  </testcase>
  <testcase name="testMultipleRoutesOptimization" classname="group10.algorithms.WarehouseAllocatorTest" time="0.003">
    <system-out><![CDATA[Objective: 153.107180759101
Request 1 AMBIENT -> PS PAC I_AMBIENT_100
--- Full Allocations ---
Result [warehouse=PS PAC I, temperature=AMBIENT, amountStored=100, requestID=1]


]]></system-out>
  </testcase>
  <testcase name="testInfeasibleProblem_InsufficientCapacity" classname="group10.algorithms.WarehouseAllocatorTest" time="0.003">
    <system-err><![CDATA[No feasible/optimal solution found: INFEASIBLE
]]></system-err>
  </testcase>
  <testcase name="testFeasibleProblem_ExactCapacityMatch" classname="group10.algorithms.WarehouseAllocatorTest" time="0.004">
    <system-out><![CDATA[Objective: 814.8587180764772
Request 1 AMBIENT -> PS PAC I_AMBIENT_100
Request 2 COLD -> PS PAC II_COLD_100
Request 3 FREEZE -> NEFF_FREEZE_100
--- Full Allocations ---
Result [warehouse=PS PAC I, temperature=AMBIENT, amountStored=100, requestID=1]
Result [warehouse=PS PAC II, temperature=COLD, amountStored=100, requestID=2]
Result [warehouse=NEFF, temperature=FREEZE, amountStored=100, requestID=3]


]]></system-out>
  </testcase>
  <testcase name="testTrivialProblem_SingleDimension" classname="group10.algorithms.WarehouseAllocatorTest" time="0.004">
    <system-out><![CDATA[Objective: 153.107180759101
Request 1 AMBIENT -> PS PAC I_AMBIENT_100
--- Full Allocations ---
Result [warehouse=PS PAC I, temperature=AMBIENT, amountStored=100, requestID=1]


]]></system-out>
  </testcase>
  <testcase name="testDemandSplitAcrossWarehouses" classname="group10.algorithms.WarehouseAllocatorTest" time="0.004">
    <system-out><![CDATA[Objective: 208.78603187758608
Request 1 AMBIENT -> PS PAC I_AMBIENT_60;PS PAC II_AMBIENT_40
--- Full Allocations ---
Result [warehouse=PS PAC I, temperature=AMBIENT, amountStored=60, requestID=1]
Result [warehouse=PS PAC II, temperature=AMBIENT, amountStored=40, requestID=1]


]]></system-out>
  </testcase>
</testsuite>