<?xml version="1.0" encoding="UTF-8"?>
<testsuite xmlns:xsi="http://www.w3.org/2001/XMLSchema-instance" xsi:noNamespaceSchemaLocation="https://maven.apache.org/surefire/maven-surefire-plugin/xsd/surefire-test-report-3.0.xsd" version="3.0" name="group10.ExcelReaderTest" time="0.787" tests="8" errors="0" skipped="0" failures="0">
  <properties>
[...]
</properties>
  <testcase name="filtersByCountryPalletsYear_andParsesFields" classname="group10.ExcelReaderTest" time="0.586"/>
  <testcase name="acceptsMixedCaseCountryAndTemperatureForWarehouse" classname="group10.ExcelReaderTest" time="0.033"/>
  <testcase name="skipsInvalidTemperature" classname="group10.ExcelReaderTest" time="0.026">
    <system-err><![CDATA[Skipping row: invalid Temperature 'Hot'
]]></system-err>
  </testcase>
  <testcase name="skipsRowsWithPalletsZeroOrNegative" classname="group10.ExcelReaderTest" time="0.028"/>
  <testcase name="skipsInvalidTemperatureForWarehouse" classname="group10.ExcelReaderTest" time="0.024">
    <system-err><![CDATA[Skipping row: invalid Temperature 'HOT'
]]></system-err>
  </testcase>
  <testcase name="filtersByYearAndCountryAndParsesFields" classname="group10.ExcelReaderTest" time="0.025"/>
  <testcase name="acceptsMixedCaseCountryAndTemperature" classname="group10.ExcelReaderTest" time="0.022"/>
  <testcase name="skipsRowsWithRealisedCapacityZeroOrNegative" classname="group10.ExcelReaderTest" time="0.025"/>
</testsuite>