<?xml version="1.0" encoding="UTF-8"?>
<testsuite xmlns:xsi="http://www.w3.org/2001/XMLSchema-instance" xsi:noNamespaceSchemaLocation="https://maven.apache.org/surefire/maven-surefire-plugin/xsd/surefire-test-report-3.0.xsd" version="3.0" name="group10.algorithms.LinearProgrammingTest" time="0.76" tests="6" errors="0" skipped="0" failures="0">
  <properties>
[...]
</properties>
  <testcase name="testZeroCapacityConstraint" classname="group10.algorithms.LinearProgrammingTest" time="0.703">
    <system-out><![CDATA[---Decision Variables (Request x Warehouse)---
Request\WarehousePS PAC I(AMBIENT)PS PAC II(COLD)   NEFF(FREEZE)   DSV(AMBIENT)      DSV(COLD)    DSV(FREEZE)
R    1(AMBIENT)          x_0_0          x_0_1          x_0_2          x_0_3          x_0_4          x_0_5
R       2(COLD)          x_1_0          x_1_1          x_1_2          x_1_3          x_1_4          x_1_5
R     3(FREEZE)          x_2_0          x_2_1          x_2_2          x_2_3          x_2_4          x_2_5
---Objective Coefficients (Request x Warehouse)---
Request\WarehousePS PAC I(AMBIENT)PS PAC II(COLD)   NEFF(FREEZE)   DSV(AMBIENT)      DSV(COLD)    DSV(FREEZE)
R   1(AMBIENT)           1,53           2,92           4,33           5,74           5,74           5,74
R      2(COLD)           2,24           3,61           5,00           6,41           6,41           6,41
R    3(FREEZE)           1,09           1,77           3,01           4,36           4,36           4,36
Objective: 814.8587180764772
Request 1 AMBIENT -> PS PAC I_AMBIENT_100
Request 2 COLD -> PS PAC II_COLD_100
Request 3 FREEZE -> NEFF_FREEZE_100
--- Full Allocations ---
Result [warehouse=PS PAC I, temperature=AMBIENT, amountStored=100, requestID=1]
Result [warehouse=PS PAC II, temperature=COLD, amountStored=100, requestID=2]
Result [warehouse=NEFF, temperature=FREEZE, amountStored=100, requestID=3]


]]></system-out>
  </testcase>
  <testcase name="testMultipleRoutesOptimization" classname="group10.algorithms.LinearProgrammingTest" time="0.005">
    <system-out><![CDATA[---Decision Variables (Request x Warehouse)---
Request\WarehousePS PAC I(AMBIENT)PS PAC II(AMBIENT)
R    1(AMBIENT)          x_0_0          x_0_1
---Objective Coefficients (Request x Warehouse)---
Request\WarehousePS PAC I(AMBIENT)PS PAC II(AMBIENT)
R   1(AMBIENT)           1,53           2,92
Objective: 153.107180759101
Request 1 AMBIENT -> PS PAC I_AMBIENT_100
--- Full Allocations ---
Result [warehouse=PS PAC I, temperature=AMBIENT, amountStored=100, requestID=1]


]]></system-out>
  </testcase>
  <testcase name="testInfeasibleProblem_InsufficientCapacity" classname="group10.algorithms.LinearProgrammingTest" time="0.005">
    <system-out><![CDATA[---Decision Variables (Request x Warehouse)---
Request\WarehousePS PAC I(AMBIENT)PS PAC II(COLD)   NEFF(FREEZE)
R    1(AMBIENT)          x_0_0          x_0_1          x_0_2
R       2(COLD)          x_1_0          x_1_1          x_1_2
R     3(FREEZE)          x_2_0          x_2_1          x_2_2
---Objective Coefficients (Request x Warehouse)---
Request\WarehousePS PAC I(AMBIENT)PS PAC II(COLD)   NEFF(FREEZE)
R   1(AMBIENT)           1,53           2,92           4,33
R      2(COLD)           2,24           3,61           5,00
R    3(FREEZE)           1,09           1,77           3,01
]]></system-out>
    <system-err><![CDATA[No feasible/optimal solution found: INFEASIBLE
]]></system-err>
  </testcase>
  <testcase name="testFeasibleProblem_ExactCapacityMatch" classname="group10.algorithms.LinearProgrammingTest" time="0.007">
    <system-out><![CDATA[---Decision Variables (Request x Warehouse)---
Request\WarehousePS PAC I(AMBIENT)PS PAC II(COLD)   NEFF(FREEZE)
R    1(AMBIENT)          x_0_0          x_0_1          x_0_2
R       2(COLD)          x_1_0          x_1_1          x_1_2
R     3(FREEZE)          x_2_0          x_2_1          x_2_2
---Objective Coefficients (Request x Warehouse)---
Request\WarehousePS PAC I(AMBIENT)PS PAC II(COLD)   NEFF(FREEZE)
R   1(AMBIENT)           1,53           2,92           4,33
R      2(COLD)           2,24           3,61           5,00
R    3(FREEZE)           1,09           1,77           3,01
Objective: 814.8587180764772
Request 1 AMBIENT -> PS PAC I_AMBIENT_100
Request 2 COLD -> PS PAC II_COLD_100
Request 3 FREEZE -> NEFF_FREEZE_100
--- Full Allocations ---
Result [warehouse=PS PAC I, temperature=AMBIENT, amountStored=100, requestID=1]
Result [warehouse=PS PAC II, temperature=COLD, amountStored=100, requestID=2]
Result [warehouse=NEFF, temperature=FREEZE, amountStored=100, requestID=3]


]]></system-out>
  </testcase>
  <testcase name="testTrivialProblem_SingleDimension" classname="group10.algorithms.LinearProgrammingTest" time="0.01">
    <system-out><![CDATA[---Decision Variables (Request x Warehouse)---
Request\WarehousePS PAC I(AMBIENT)
R    1(AMBIENT)          x_0_0
---Objective Coefficients (Request x Warehouse)---
Request\WarehousePS PAC I(AMBIENT)
R   1(AMBIENT)           1,53
Objective: 153.107180759101
Request 1 AMBIENT -> PS PAC I_AMBIENT_100
--- Full Allocations ---
Result [warehouse=PS PAC I, temperature=AMBIENT, amountStored=100, requestID=1]


]]></system-out>
  </testcase>
  <testcase name="testDemandSplitAcrossWarehouses" classname="group10.algorithms.LinearProgrammingTest" time="0.005">
    <system-out><![CDATA[---Decision Variables (Request x Warehouse)---
Request\WarehousePS PAC I(AMBIENT)PS PAC II(AMBIENT)
R    1(AMBIENT)          x_0_0          x_0_1
---Objective Coefficients (Request x Warehouse)---
Request\WarehousePS PAC I(AMBIENT)PS PAC II(AMBIENT)
R   1(AMBIENT)           1,53           2,92
Objective: 208.78603187758608
Request 1 AMBIENT -> PS PAC I_AMBIENT_60;PS PAC II_AMBIENT_40
--- Full Allocations ---
Result [warehouse=PS PAC I, temperature=AMBIENT, amountStored=60, requestID=1]
Result [warehouse=PS PAC II, temperature=AMBIENT, amountStored=40, requestID=1]


]]></system-out>
  </testcase>
</testsuite>