<?xml version="1.0" encoding="UTF-8"?>
<testsuite xmlns:xsi="http://www.w3.org/2001/XMLSchema-instance" xsi:noNamespaceSchemaLocation="https://maven.apache.org/surefire/maven-surefire-plugin/xsd/surefire-test-report-3.0.xsd" version="3.0" name="group10.ExcelReaderTest" time="0.434" tests="4" errors="0" skipped="0" failures="0">
  <properties>
[...]
</properties>
  <testcase name="filtersByCountryPalletsYear_andParsesFields" classname="group10.ExcelReaderTest" time="0.374"/>
  <testcase name="skipsInvalidTemperature" classname="group10.ExcelReaderTest" time="0.019">
    <system-err><![CDATA[Skipping row: invalid Temperature 'Hot'
]]></system-err>
  </testcase>
  <testcase name="skipsRowsWithPalletsZeroOrNegative" classname="group10.ExcelReaderTest" time="0.018"/>
  <testcase name="acceptsMixedCaseCountryAndTemperature" classname="group10.ExcelReaderTest" time="0.016"/>
</testsuite>