<?xml version="1.0" encoding="UTF-8"?>
<testsuite xmlns:xsi="http://www.w3.org/2001/XMLSchema-instance" xsi:noNamespaceSchemaLocation="https://maven.apache.org/surefire/maven-surefire-plugin/xsd/surefire-test-report-3.0.xsd" version="3.0" name="group10.ExcelReaderTest" time="0.55" tests="8" errors="0" skipped="0" failures="1">
  <properties>
[...]
</properties>
  <testcase name="filtersByCountryPalletsYear_andParsesFields" classname="group10.ExcelReaderTest" time="0.418"/>
  <testcase name="acceptsMixedCaseCountryAndTemperatureForWarehouse" classname="group10.ExcelReaderTest" time="0.023"/>
  <testcase name="skipsInvalidTemperature" classname="group10.ExcelReaderTest" time="0.017">
    <system-err><![CDATA[Skipping row: invalid Temperature 'Hot'
]]></system-err>
  </testcase>
  <testcase name="skipsRowsWithPalletsZeroOrNegative" classname="group10.ExcelReaderTest" time="0.019"/>
  <testcase name="skipsInvalidTemperatureForWarehouse" classname="group10.ExcelReaderTest" time="0.016">
    <system-err><![CDATA[Skipping row: invalid Temperature 'HOT'
]]></system-err>
  </testcase>
  <testcase name="filtersByYearAndCountryAndParsesFields" classname="group10.ExcelReaderTest" time="0.016"/>
  <testcase name="acceptsMixedCaseCountryAndTemperature" classname="group10.ExcelReaderTest" time="0.014"/>
  <testcase name="skipsRowsWithRealisedCapacityZeroOrNegative" classname="group10.ExcelReaderTest" time="0.015">
    <failure message="No rows should pass when realised capacity &lt;= 0 ==&gt; expected: &lt;true&gt; but was: &lt;false&gt;" type="org.opentest4j.AssertionFailedError"><![CDATA[org.opentest4j.AssertionFailedError: No rows should pass when realised capacity <= 0 ==> expected: <true> but was: <false>
	at org.junit.jupiter.api.AssertionFailureBuilder.build(AssertionFailureBuilder.java:151)
	at org.junit.jupiter.api.AssertionFailureBuilder.buildAndThrow(AssertionFailureBuilder.java:132)
	at org.junit.jupiter.api.AssertTrue.failNotTrue(AssertTrue.java:63)
	at org.junit.jupiter.api.AssertTrue.assertTrue(AssertTrue.java:36)
	at org.junit.jupiter.api.Assertions.assertTrue(Assertions.java:214)
	at group10.ExcelReaderTest.skipsRowsWithRealisedCapacityZeroOrNegative(ExcelReaderTest.java:199)
	at java.base/java.lang.reflect.Method.invoke(Method.java:580)
	at java.base/java.util.ArrayList.forEach(ArrayList.java:1596)
	at java.base/java.util.ArrayList.forEach(ArrayList.java:1596)
]]></failure>
  </testcase>
</testsuite>